<?xml version="1.0" encoding="UTF-8"?>
<testsuite xmlns:xsi="http://www.w3.org/2001/XMLSchema-instance" xsi:noNamespaceSchemaLocation="https://maven.apache.org/surefire/maven-surefire-plugin/xsd/surefire-test-report.xsd" name="Login into Gmail application" time="20.499" tests="2" errors="0" skipped="0" failures="0">
  <properties>
[...]
</properties>
  <testcase name="Login into Gmail Login" classname="Login into Gmail application" time="11.08"/>
  <testcase name="Login intogmai;" classname="Login into Gmail application" time="9.398"/>
</testsuite>